nvprof --print-gpu-trace  ./lmp -k on g 1 -sf kk -pk kokkos cuda/aware on neigh full newton off -in in.deposit.atom > cuda_5.log



Start      Duration            Grid Size      Block Size     Regs*    SSMem*    DSMem*      Size  Throughput                          Device           Context   Stream  Name

717.99ms  3.6480us              (2 1 1)       (1 128 1)        27        0B        0B         -           -           -           -  Quadro RTX 6000         1         7  void Kokkos::Impl::cuda_parallel_launch_local_memory<Kokkos::Impl::ParallelFor<AtomVecAtomicKokkos_PackBorder<Kokkos::Cuda, int=1>, Kokkos::RangePolicy<>, Kokkos::Cuda>>(Kokkos::Cuda) [17070]
718.01ms  3.0080us              (2 1 1)       (1 128 1)        28        0B        0B         -           -           -           -  Quadro RTX 6000         1         7  void Kokkos::Impl::cuda_parallel_launch_local_memory<Kokkos::Impl::ParallelFor<AtomVecAtomicKokkos_UnpackBorder<Kokkos::Cuda>, Kokkos::RangePolicy<>, Kokkos::Cuda>>(Kokkos::Cuda) [17072]
718.02ms     800ns                    -               -         -         -         -        4B  4.7684MB/s    Pageable      Device  Quadro RTX 6000         1         7  [CUDA memcpy HtoD]
718.03ms  4.4160us              (3 1 1)       (1 128 1)        32       16B  1.0156KB         -           -           -           -  Quadro RTX 6000         1         7  void Kokkos::Impl::cuda_parallel_launch_local_memory<Kokkos::Impl::ParallelFor<BuildBorderListFunctor<Kokkos::Cuda>, Kokkos::TeamPolicy<>, Kokkos::Cuda>>(Kokkos::Cuda) [17077]
718.04ms     992ns                    -               -         -         -         -        4B  3.8455MB/s      Device    Pageable  Quadro RTX 6000         1         7  [CUDA memcpy DtoH]
718.06ms  3.6480us              (2 1 1)       (1 128 1)        27        0B        0B         -           -           -           -  Quadro RTX 6000         1         7  void Kokkos::Impl::cuda_parallel_launch_local_memory<Kokkos::Impl::ParallelFor<AtomVecAtomicKokkos_PackBorder<Kokkos::Cuda, int=1>, Kokkos::RangePolicy<>, Kokkos::Cuda>>(Kokkos::Cuda) [17081]
718.07ms  2.9440us              (2 1 1)       (1 128 1)        28        0B        0B         -           -           -           -  Quadro RTX 6000         1         7  void Kokkos::Impl::cuda_parallel_launch_local_memory<Kokkos::Impl::ParallelFor<AtomVecAtomicKokkos_UnpackBorder<Kokkos::Cuda>, Kokkos::RangePolicy<>, Kokkos::Cuda>>(Kokkos::Cuda) [17083]
718.09ms     832ns                    -               -         -         -         -        4B  4.5850MB/s    Pageable      Device  Quadro RTX 6000         1         7  [CUDA memcpy HtoD]
718.10ms  4.6080us              (7 1 1)       (1 128 1)        32       16B  1.0156KB         -           -           -           -  Quadro RTX 6000         1         7  void Kokkos::Impl::cuda_parallel_launch_local_memory<Kokkos::Impl::ParallelFor<BuildBorderListFunctor<Kokkos::Cuda>, Kokkos::TeamPolicy<>, Kokkos::Cuda>>(Kokkos::Cuda) [17088]
718.11ms     992ns                    -               -         -         -         -        4B  3.8455MB/s      Device    Pageable  Quadro RTX 6000         1         7  [CUDA memcpy DtoH]
718.12ms  3.6480us              (5 1 1)       (1 128 1)        27        0B        0B         -           -           -           -  Quadro RTX 6000         1         7  void Kokkos::Impl::cuda_parallel_launch_local_memory<Kokkos::Impl::ParallelFor<AtomVecAtomicKokkos_PackBorder<Kokkos::Cuda, int=1>, Kokkos::RangePolicy<>, Kokkos::Cuda>>(Kokkos::Cuda) [17092]
718.14ms  3.0080us              (5 1 1)       (1 128 1)        28        0B        0B         -           -           -           -  Quadro RTX 6000         1         7  void Kokkos::Impl::cuda_parallel_launch_local_memory<Kokkos::Impl::ParallelFor<AtomVecAtomicKokkos_UnpackBorder<Kokkos::Cuda>, Kokkos::RangePolicy<>, Kokkos::Cuda>>(Kokkos::Cuda) [17094]
718.15ms     832ns                    -               -         -         -         -        4B  4.5850MB/s    Pageable      Device  Quadro RTX 6000         1         7  [CUDA memcpy HtoD]
718.16ms  4.6390us              (7 1 1)       (1 128 1)        32       16B  1.0156KB         -           -           -           -  Quadro RTX 6000         1         7  void Kokkos::Impl::cuda_parallel_launch_local_memory<Kokkos::Impl::ParallelFor<BuildBorderListFunctor<Kokkos::Cuda>, Kokkos::TeamPolicy<>, Kokkos::Cuda>>(Kokkos::Cuda) [17099]
718.18ms     992ns                    -               -         -         -         -        4B  3.8455MB/s      Device    Pageable  Quadro RTX 6000         1         7  [CUDA memcpy DtoH]
718.19ms  3.6480us              (4 1 1)       (1 128 1)        27        0B        0B         -           -           -           -  Quadro RTX 6000         1         7  void Kokkos::Impl::cuda_parallel_launch_local_memory<Kokkos::Impl::ParallelFor<AtomVecAtomicKokkos_PackBorder<Kokkos::Cuda, int=1>, Kokkos::RangePolicy<>, Kokkos::Cuda>>(Kokkos::Cuda) [17103]
718.20ms  2.9440us              (4 1 1)       (1 128 1)        28        0B        0B         -           -           -           -  Quadro RTX 6000         1         7  void Kokkos::Impl::cuda_parallel_launch_local_memory<Kokkos::Impl::ParallelFor<AtomVecAtomicKokkos_UnpackBorder<Kokkos::Cuda>, Kokkos::RangePolicy<>, Kokkos::Cuda>>(Kokkos::Cuda) [17105]
718.22ms  18.976us                    -               -         -         -         -  234.38KB  11.779GB/s      Device    Pageable  Quadro RTX 6000         1         7  [CUDA memcpy DtoH]
718.31ms     832ns                    -               -         -         -         -      128B  146.72MB/s    Pageable      Device  Quadro RTX 6000         1         7  [CUDA memcpy HtoD]
718.32ms  2.4000us                    -               -         -         -         -  35.320KB  14.035GB/s      Device           -  Quadro RTX 6000         1         7  [CUDA memset]
718.35ms     832ns                    -               -         -         -         -      128B  146.72MB/s    Pageable      Device  Quadro RTX 6000         1         7  [CUDA memcpy HtoD]
718.36ms  2.3680us                    -               -         -         -         -  11.773KB  4.7416GB/s      Device           -  Quadro RTX 6000         1         7  [CUDA memset]
718.41ms  1.1840us                    -               -         -         -         -  7.6094KB  6.1291GB/s      Pinned      Device  Quadro RTX 6000         1         7  [CUDA memcpy HtoD]
718.41ms  2.6240us              (3 1 1)       (1 128 1)        17        0B        0B         -           -           -           -  Quadro RTX 6000         1         7  void Kokkos::Impl::cuda_parallel_launch_constant_memory<Kokkos::Impl::ParallelFor<LAMMPS_NS::NeighborKokkos, Kokkos::RangePolicy<>, Kokkos::Cuda>>(void) [17126]
718.43ms     832ns                    -               -         -         -         -      128B  146.72MB/s    Pageable      Device  Quadro RTX 6000         1         7  [CUDA memcpy HtoD]
718.44ms  2.3040us                    -               -         -         -         -  7.2578KB  3.0042GB/s      Device           -  Quadro RTX 6000         1         7  [CUDA memset]
718.46ms     832ns                    -               -         -         -         -        4B  4.5850MB/s    Pageable      Device  Quadro RTX 6000         1         7  [CUDA memcpy HtoD]
718.47ms  2.0800us              (2 1 1)       (1 128 1)        16        0B        0B         -           -           -           -  Quadro RTX 6000         1         7  void Kokkos::Impl::cuda_parallel_launch_local_memory<Kokkos::Impl::ParallelFor<MemsetZeroFunctor<Kokkos::Cuda>, Kokkos::RangePolicy<>, Kokkos::Cuda>>(Kokkos::Cuda) [17135]
718.48ms     864ns                    -               -         -         -         -  1.1016KB  1.2159GB/s      Pinned      Device  Quadro RTX 6000         1         7  [CUDA memcpy HtoD]
718.48ms  5.0880us             (15 1 1)       (1 128 1)        22        0B        0B         -           -           -           -  Quadro RTX 6000         1         7  void Kokkos::Impl::cuda_parallel_launch_constant_memory<Kokkos::Impl::ParallelFor<LAMMPS_NS::NPairKokkosBinAtomsFunctor<Kokkos::Cuda>, Kokkos::RangePolicy<>, Kokkos::Cuda>>(void) [17138]
718.50ms     992ns                    -               -         -         -         -        4B  3.8455MB/s      Device    Pageable  Quadro RTX 6000         1         7  [CUDA memcpy DtoH]
718.53ms     832ns                    -               -         -         -         -      128B  146.72MB/s    Pageable      Device  Quadro RTX 6000         1         7  [CUDA memcpy HtoD]
718.54ms     896ns                    -               -         -         -         -  1.3711KB  1.4593GB/s      Device           -  Quadro RTX 6000         1         7  [CUDA memset]
718.56ms     832ns                    -               -         -         -         -      128B  146.72MB/s    Pageable      Device  Quadro RTX 6000         1         7  [CUDA memcpy HtoD]
718.57ms  1.1200us                    -               -         -         -         -  1.3711KB  1.1675GB/s      Device           -  Quadro RTX 6000         1         7  [CUDA memset]
718.60ms     832ns                    -               -         -         -         -      128B  146.72MB/s    Pageable      Device  Quadro RTX 6000         1         7  [CUDA memcpy HtoD]
718.61ms     832ns                    -               -         -         -         -        8B  9.1699MB/s    Pageable      Device  Quadro RTX 6000         1         7  [CUDA memcpy HtoD]
718.64ms     896ns                    -               -         -         -         -  1.8359KB  1.9541GB/s      Pinned      Device  Quadro RTX 6000         1         7  [CUDA memcpy HtoD]
718.65ms  2.1073ms            (151 1 1)       (1 352 1)        80       16B  16.516KB         -           -           -           -  Quadro RTX 6000         1         7  void Kokkos::Impl::cuda_parallel_launch_constant_memory<Kokkos::Impl::ParallelFor<LAMMPS_NS::NPairKokkosBuildFunctor<Kokkos::Cuda, int=0, int=0, int=0>, Kokkos::TeamPolicy<>, Kokkos::Cuda>>(void) [17167]
720.77ms     992ns                    -               -         -         -         -        8B  7.6909MB/s      Device    Pageable  Quadro RTX 6000         1         7  [CUDA memcpy DtoH]
720.78ms  2.0800us              (3 1 1)       (1 128 1)        16        0B        0B         -           -           -           -  Quadro RTX 6000         1         7  void Kokkos::Impl::cuda_parallel_launch_local_memory<Kokkos::Impl::ParallelFor<Zero<Kokkos::View<double*[3]>>, Kokkos::RangePolicy<>, Kokkos::Cuda>>(double*[3]) [17172]
720.80ms  1.4080us                    -               -         -         -         -  11.891KB  8.0538GB/s      Pinned      Device  Quadro RTX 6000         1         7  [CUDA memcpy HtoD]
720.81ms  119.84us            (351 1 1)        (8 32 1)       107      272B      272B         -           -           -           -  Quadro RTX 6000         1         7  void Kokkos::Impl::cuda_parallel_launch_constant_memory<Kokkos::Impl::ParallelReduce<LAMMPS_NS::PairComputeFunctor<LAMMPS_NS::PairLJCutKokkos<Kokkos::Cuda>, int=1, bool=1, void>, Kokkos::TeamPolicy<>, Kokkos::InvalidType, Kokkos::Cuda>>(void) [17175]
720.94ms  1.3120us                    -               -         -         -         -  7.2852KB  5.2955GB/s      Device    Pageable  Quadro RTX 6000         1         7  [CUDA memcpy DtoH]
720.96ms     928ns                    -               -         -         -         -  2.3047KB  2.3684GB/s      Pinned      Device  Quadro RTX 6000         1         7  [CUDA memcpy HtoD]
720.97ms  4.1600us              (3 1 1)       (1 128 1)        44        0B        0B         -           -           -           -  Quadro RTX 6000         1         7  void Kokkos::Impl::cuda_parallel_launch_constant_memory<Kokkos::Impl::ParallelFor<LAMMPS_NS::FixLangevinKokkosPostForceFunctor<Kokkos::Cuda, int=0, int=0, int=0, int=0, int=0, int=0>, Kokkos::RangePolicy<>, Kokkos::Cuda>>(void) [17184]
720.99ms     864ns                    -               -         -         -         -      896B  989.00MB/s      Pinned      Device  Quadro RTX 6000         1         7  [CUDA memcpy HtoD]
720.99ms  3.5840us              (3 1 1)       (1 128 1)        23        0B        0B         -           -           -           -  Quadro RTX 6000         1         7  void Kokkos::Impl::cuda_parallel_launch_constant_memory<Kokkos::Impl::ParallelFor<LAMMPS_NS::FixNVEKokkosFinalIntegrateFunctor<Kokkos::Cuda, int=0>, Kokkos::RangePolicy<>, Kokkos::Cuda>>(void) [17190]
721.00ms     864ns                    -               -         -         -         -      896B  989.00MB/s      Pinned      Device  Quadro RTX 6000         1         7  [CUDA memcpy HtoD]
721.01ms  3.6800us              (3 1 1)       (1 128 1)        23        0B        0B         -           -           -           -  Quadro RTX 6000         1         7  void Kokkos::Impl::cuda_parallel_launch_constant_memory<Kokkos::Impl::ParallelFor<LAMMPS_NS::FixNVEKokkosFinalIntegrateFunctor<Kokkos::Cuda, int=0>, Kokkos::RangePolicy<>, Kokkos::Cuda>>(void) [17194]
721.02ms  4.1280us                    -               -         -         -         -  43.711KB  10.098GB/s      Device    Pageable  Quadro RTX 6000         1         7  [CUDA memcpy DtoH]
721.04ms  4.1280us                    -               -         -         -         -  43.711KB  10.098GB/s      Device    Pageable  Quadro RTX 6000         1         7  [CUDA memcpy DtoH]
721.06ms  4.0960us                    -               -         -         -         -  43.711KB  10.177GB/s      Device    Pageable  Quadro RTX 6000         1         7  [CUDA memcpy DtoH]
721.09ms  1.3120us                    -               -         -         -         -  7.2852KB  5.2955GB/s      Device    Pageable  Quadro RTX 6000         1         7  [CUDA memcpy DtoH]
721.10ms  1.3120us                    -               -         -         -         -  7.2852KB  5.2955GB/s      Device    Pageable  Quadro RTX 6000         1         7  [CUDA memcpy DtoH]
721.12ms  1.3120us                    -               -         -         -         -  7.2852KB  5.2955GB/s      Device    Pageable  Quadro RTX 6000         1         7  [CUDA memcpy DtoH]
721.13ms     864ns                    -               -         -         -         -      776B  856.54MB/s      Pinned      Device  Quadro RTX 6000         1         7  [CUDA memcpy HtoD]
721.14ms  17.312us              (2 1 1)       (1 256 1)        43        0B  12.094KB         -           -           -           -  Quadro RTX 6000         1         7  void Kokkos::Impl::cuda_parallel_launch_constant_memory<Kokkos::Impl::ParallelReduce<LAMMPS_NS::ComputeTempKokkos<Kokkos::Cuda>, Kokkos::RangePolicy<>, Kokkos::InvalidType, Kokkos::Cuda>>(void) [17216]
721.20ms  3.0400us                    -               -         -         -         -  43.711KB  13.712GB/s    Pageable      Device  Quadro RTX 6000         1         7  [CUDA memcpy HtoD]
721.23ms  3.2960us                    -               -         -         -         -  43.711KB  12.647GB/s    Pageable      Device  Quadro RTX 6000         1         7  [CUDA memcpy HtoD]
721.25ms  3.0080us                    -               -         -         -         -  43.711KB  13.858GB/s    Pageable      Device  Quadro RTX 6000         1         7  [CUDA memcpy HtoD]
721.26ms  1.1840us                    -               -         -         -         -  7.2852KB  5.8680GB/s    Pageable      Device  Quadro RTX 6000         1         7  [CUDA memcpy HtoD]
721.28ms  1.1520us                    -               -         -         -         -  7.2852KB  6.0310GB/s    Pageable      Device  Quadro RTX 6000         1         7  [CUDA memcpy HtoD]
721.29ms  4.0960us                    -               -         -         -         -  43.711KB  10.177GB/s      Device    Pageable  Quadro RTX 6000         1         7  [CUDA memcpy DtoH]
721.31ms  4.0960us                    -               -         -         -         -  43.711KB  10.177GB/s      Device    Pageable  Quadro RTX 6000         1         7  [CUDA memcpy DtoH]
721.35ms  3.5840us                    -               -         -         -         -  43.711KB  11.631GB/s    Pageable      Device  Quadro RTX 6000         1         7  [CUDA memcpy HtoD]
721.37ms  3.0720us                    -               -         -         -         -  43.711KB  13.570GB/s    Pageable      Device  Quadro RTX 6000         1         7  [CUDA memcpy HtoD]
721.38ms  1.1840us                    -               -         -         -         -  7.2852KB  5.8680GB/s    Pageable      Device  Quadro RTX 6000         1         7  [CUDA memcpy HtoD]
721.40ms  1.5040us                    -               -         -         -         -  7.2852KB  4.6195GB/s    Pageable      Device  Quadro RTX 6000         1         7  [CUDA memcpy HtoD]
721.41ms  4.1280us                    -               -         -         -         -  43.711KB  10.098GB/s      Device    Pageable  Quadro RTX 6000         1         7  [CUDA memcpy DtoH]
721.44ms  3.0080us                    -               -         -         -         -  43.711KB  13.858GB/s    Pageable      Device  Quadro RTX 6000         1         7  [CUDA memcpy HtoD]
721.46ms  3.0720us                    -               -         -         -         -  43.711KB  13.570GB/s    Pageable      Device  Quadro RTX 6000         1         7  [CUDA memcpy HtoD]
721.49ms  3.0720us                    -               -         -         -         -  43.711KB  13.570GB/s    Pageable      Device  Quadro RTX 6000         1         7  [CUDA memcpy HtoD]
721.50ms  1.2160us                    -               -         -         -         -  7.2852KB  5.7135GB/s    Pageable      Device  Quadro RTX 6000         1         7  [CUDA memcpy HtoD]
721.52ms  1.2160us                    -               -         -         -         -  7.2852KB  5.7135GB/s    Pageable      Device  Quadro RTX 6000         1         7  [CUDA memcpy HtoD]
721.56ms  4.1280us                    -               -         -         -         -  43.711KB  10.098GB/s      Device    Pageable  Quadro RTX 6000         1         7  [CUDA memcpy DtoH]
721.59ms  4.1280us                    -               -         -         -         -  43.711KB  10.098GB/s      Device    Pageable  Quadro RTX 6000         1         7  [CUDA memcpy DtoH]
721.63ms  3.1040us                    -               -         -         -         -  43.711KB  13.430GB/s    Pageable      Device  Quadro RTX 6000         1         7  [CUDA memcpy HtoD]
721.65ms  3.1040us                    -               -         -         -         -  43.711KB  13.430GB/s    Pageable      Device  Quadro RTX 6000         1         7  [CUDA memcpy HtoD]
721.67ms  1.1840us                    -               -         -         -         -  7.2852KB  5.8680GB/s    Pageable      Device  Quadro RTX 6000         1         7  [CUDA memcpy HtoD]
721.68ms  4.1280us                    -               -         -         -         -  43.711KB  10.098GB/s      Device    Pageable  Quadro RTX 6000         1         7  [CUDA memcpy DtoH]
721.70ms  4.1280us                    -               -         -         -         -  43.711KB  10.098GB/s      Device    Pageable  Quadro RTX 6000         1         7  [CUDA memcpy DtoH]
721.78ms  1.0240us                    -               -         -         -         -  1.3711KB  1.2769GB/s      Device    Pageable  Quadro RTX 6000         1         7  [CUDA memcpy DtoH]
721.80ms  1.0560us                    -               -         -         -         -  1.3711KB  1.2382GB/s      Device    Pageable  Quadro RTX 6000         1         7  [CUDA memcpy DtoH]
722.10ms  2.0800us              (1 1 1)       (1 128 1)        16        0B        0B         -           -           -           -  Quadro RTX 6000         1         7  void Kokkos::Impl::cuda_parallel_launch_local_memory<Kokkos::Impl::ParallelFor<Kokkos::Impl::ViewValueFunctor<Kokkos::Device<Kokkos::Cuda, Kokkos::CudaSpace>, LAMMPS_NS::PairLJCutKokkos<Kokkos::Cuda>::params_lj, bool=0>, Kokkos::RangePolicy<>, Kokkos::Cuda>>(Kokkos::Cuda) [17369]
722.38ms     832ns                    -               -         -         -         -      128B  146.72MB/s    Pageable      Device  Quadro RTX 6000         1         7  [CUDA memcpy HtoD]
722.39ms     800ns                    -               -         -         -         -       16B  19.073MB/s      Device           -  Quadro RTX 6000         1         7  [CUDA memset]
722.40ms     832ns                    -               -         -         -         -      128B  146.72MB/s    Pageable      Device  Quadro RTX 6000         1         7  [CUDA memcpy HtoD]
722.42ms     832ns                    -               -         -         -         -      128B  146.72MB/s    Pageable      Device  Quadro RTX 6000         1         7  [CUDA memcpy HtoD]
722.43ms     832ns                    -               -         -         -         -      128B  146.72MB/s    Pageable      Device  Quadro RTX 6000         1         7  [CUDA memcpy HtoD]
722.44ms     864ns                    -               -         -         -         -      516B  569.56MB/s      Device           -  Quadro RTX 6000         1         7  [CUDA memset]
722.45ms     832ns                    -               -         -         -         -      128B  146.72MB/s    Pageable      Device  Quadro RTX 6000         1         7  [CUDA memcpy HtoD]
722.46ms     832ns                    -               -         -         -         -      516B  591.46MB/s      Device           -  Quadro RTX 6000         1         7  [CUDA memset]
722.46ms     800ns                    -               -         -         -         -      128B  152.59MB/s    Pageable      Device  Quadro RTX 6000         1         7  [CUDA memcpy HtoD]
722.47ms     832ns                    -               -         -         -         -       12B  13.755MB/s      Device           -  Quadro RTX 6000         1         7  [CUDA memset]
722.49ms  2.0800us              (2 1 1)       (1 128 1)        16        0B        0B         -           -           -           -  Quadro RTX 6000         1         7  void Kokkos::Impl::cuda_parallel_launch_local_memory<Kokkos::Impl::ParallelFor<Kokkos::Impl::ViewFill<Kokkos::View<unsigned int*>, Kokkos::LayoutRight, Kokkos::Cuda, int=1, int>, Kokkos::RangePolicy<>, Kokkos::Cuda>>(unsigned int*) [17459]
722.50ms  2.0480us              (2 1 1)       (1 128 1)        16        0B        0B         -           -           -           -  Quadro RTX 6000         1         7  void Kokkos::Impl::cuda_parallel_launch_local_memory<Kokkos::Impl::ParallelFor<Kokkos::Impl::ViewFill<Kokkos::View<unsigned int*>, Kokkos::LayoutRight, Kokkos::Cuda, int=1, int>, Kokkos::RangePolicy<>, Kokkos::Cuda>>(unsigned int*) [17462]
723.00ms  1.2480us                    -               -         -         -         -      128B  97.813MB/s      Device    Pageable  Quadro RTX 6000         1         7  [CUDA memcpy DtoH]
723.02ms     992ns                    -               -         -         -         -      128B  123.05MB/s      Device    Pageable  Quadro RTX 6000         1         7  [CUDA memcpy DtoH]

Regs: Number of registers used per CUDA thread. This number includes registers used internally by the CUDA driver and/or tools and can be more than what the compiler shows.
SSMem: Static shared memory allocated per CUDA block.
DSMem: Dynamic shared memory allocated per CUDA block.
SrcMemType: The type of source memory accessed by memory operation/copy
DstMemType: The type of destination memory accessed by memory operation/copy
