main start at this time 1671755898.2733474
-----------------------------------------before load data 
 Nvidia-smi: 0.166015625 GB
    Memory Allocated: 0.0  GigaBytes
Max Memory Allocated: 0.0  GigaBytes

#nodes: 2449029
#edges: 123718024
#classes: 47
success----------------------------------------
196571
39255
2164782
# Nodes: 2400608
# Edges: 123718024
# Train: 196571
# Val: 39255
# Test: 2164782
# Classes: 47

----------------------------------------start of run function 
 Nvidia-smi: 0.166015625 GB
    Memory Allocated: 0.0  GigaBytes
Max Memory Allocated: 0.0  GigaBytes

in feats:  100
group buckets input  18164
degree  tensor([1, 2, 3, 4, 5, 6, 7, 8, 9], device='cuda:0', dtype=torch.int32)
torch.sort() replace to OrderedDict time:  0.08477044105529785

bucketing time:  0.0012404918670654297
degree: tensor([1, 2, 3, 4, 5, 6, 7, 8, 9], dtype=torch.int32) # of output: 3962 ratio: 0.02015556719963779 bucket_loss : tensor(0.0948)
model forward time:  0.11545014381408691
loss calculation time:  0.00013566017150878906
loss backward time:  0.019913434982299805
degree  tensor(10)
torch.sort() replace to OrderedDict time:  0.08654499053955078

core.py bucket local nid tensor([    0,     1,     2,  ..., 98315, 98316, 98317], device='cuda:0')
the length of bkt_idx in core.py _bucketing 96305
step:  0
bucketing time:  0.0009627342224121094
degree: tensor(10) # of output: 96305 ratio: 0.48992476001037794 bucket_loss : tensor(2.3511)
degree  tensor(10)
torch.sort() replace to OrderedDict time:  0.08431553840637207

core.py bucket local nid tensor([ 98318,  98320,  98321,  ..., 196568, 196569, 196570], device='cuda:0')
the length of bkt_idx in core.py _bucketing 96304
step:  1
bucketing time:  0.0009427070617675781
degree: tensor(10) # of output: 96304 ratio: 0.4899196727899843 bucket_loss : tensor(2.3458)
split  buckets total input  1150811
-------------------------------------------------------------------------------loss_sum  :  tensor(4.7917)

group buckets input  18164
degree  tensor([1, 2, 3, 4, 5, 6, 7, 8, 9], device='cuda:0', dtype=torch.int32)
torch.sort() replace to OrderedDict time:  0.07666492462158203

bucketing time:  0.0011167526245117188
degree: tensor([1, 2, 3, 4, 5, 6, 7, 8, 9], dtype=torch.int32) # of output: 3962 ratio: 0.02015556719963779 bucket_loss : tensor(0.0937)
model forward time:  0.09207487106323242
loss calculation time:  6.651878356933594e-05
loss backward time:  0.017697811126708984
degree  tensor(10)
torch.sort() replace to OrderedDict time:  0.09187817573547363

core.py bucket local nid tensor([    0,     1,     2,  ..., 98292, 98293, 98294], device='cuda:0')
the length of bkt_idx in core.py _bucketing 96305
step:  0
bucketing time:  0.0009608268737792969
degree: tensor(10) # of output: 96305 ratio: 0.48992476001037794 bucket_loss : tensor(2.3178)
degree  tensor(10)
torch.sort() replace to OrderedDict time:  0.0846109390258789

core.py bucket local nid tensor([ 98295,  98296,  98297,  ..., 196568, 196569, 196570], device='cuda:0')
the length of bkt_idx in core.py _bucketing 96304
step:  1
bucketing time:  0.0009543895721435547
degree: tensor(10) # of output: 96304 ratio: 0.4899196727899843 bucket_loss : tensor(2.3158)
split  buckets total input  1149322
-------------------------------------------------------------------------------loss_sum  :  tensor(4.7273)

group buckets input  18164
degree  tensor([1, 2, 3, 4, 5, 6, 7, 8, 9], device='cuda:0', dtype=torch.int32)
torch.sort() replace to OrderedDict time:  0.07620549201965332

bucketing time:  0.0011157989501953125
degree: tensor([1, 2, 3, 4, 5, 6, 7, 8, 9], dtype=torch.int32) # of output: 3962 ratio: 0.02015556719963779 bucket_loss : tensor(0.0926)
model forward time:  0.09144735336303711
loss calculation time:  5.841255187988281e-05
loss backward time:  0.016910552978515625
degree  tensor(10)
torch.sort() replace to OrderedDict time:  0.0937662124633789

core.py bucket local nid tensor([    0,     1,     2,  ..., 98306, 98307, 98308], device='cuda:0')
the length of bkt_idx in core.py _bucketing 96305
step:  0
bucketing time:  0.0009641647338867188
degree: tensor(10) # of output: 96305 ratio: 0.48992476001037794 bucket_loss : tensor(2.2868)
degree  tensor(10)
torch.sort() replace to OrderedDict time:  0.08549880981445312

core.py bucket local nid tensor([ 98309,  98310,  98311,  ..., 196568, 196569, 196570], device='cuda:0')
the length of bkt_idx in core.py _bucketing 96304
step:  1
bucketing time:  0.0009648799896240234
degree: tensor(10) # of output: 96304 ratio: 0.4899196727899843 bucket_loss : tensor(2.2842)
split  buckets total input  1149761
-------------------------------------------------------------------------------loss_sum  :  tensor(4.6635)

full batch graph loading time:  0.07143950462341309
group buckets input  18164
degree  tensor([1, 2, 3, 4, 5, 6, 7, 8, 9], device='cuda:0', dtype=torch.int32)
torch.sort() replace to OrderedDict time:  0.0828561782836914

bucketing time:  0.0011324882507324219
degree: tensor([1, 2, 3, 4, 5, 6, 7, 8, 9], dtype=torch.int32) # of output: 3962 ratio: 0.02015556719963779 bucket_loss : tensor(0.0915)
model forward time:  0.0984947681427002
loss calculation time:  5.841255187988281e-05
loss backward time:  0.0163877010345459
degree  tensor(10)
torch.sort() replace to OrderedDict time:  0.08473467826843262

core.py bucket local nid tensor([    0,     1,     2,  ..., 98303, 98304, 98305], device='cuda:0')
the length of bkt_idx in core.py _bucketing 96305
step:  0
bucketing time:  0.0009388923645019531
degree: tensor(10) # of output: 96305 ratio: 0.48992476001037794 bucket_loss : tensor(2.2517)
degree  tensor(10)
torch.sort() replace to OrderedDict time:  0.0855257511138916

core.py bucket local nid tensor([ 98306,  98307,  98308,  ..., 196568, 196569, 196570], device='cuda:0')
the length of bkt_idx in core.py _bucketing 96304
step:  1
bucketing time:  0.0009410381317138672
degree: tensor(10) # of output: 96304 ratio: 0.4899196727899843 bucket_loss : tensor(2.2556)
split  buckets total input  1150192
-------------------------------------------------------------------------------loss_sum  :  tensor(4.5988)

pure train time 0.3872833251953125
full batch graph loading time:  0.050518035888671875
group buckets input  18164
degree  tensor([1, 2, 3, 4, 5, 6, 7, 8, 9], device='cuda:0', dtype=torch.int32)
torch.sort() replace to OrderedDict time:  0.07706546783447266

bucketing time:  0.00113677978515625
degree: tensor([1, 2, 3, 4, 5, 6, 7, 8, 9], dtype=torch.int32) # of output: 3962 ratio: 0.02015556719963779 bucket_loss : tensor(0.0904)
model forward time:  0.09254956245422363
loss calculation time:  5.8650970458984375e-05
loss backward time:  0.01712799072265625
degree  tensor(10)
torch.sort() replace to OrderedDict time:  0.09095478057861328

core.py bucket local nid tensor([    0,     1,     2,  ..., 98293, 98294, 98295], device='cuda:0')
the length of bkt_idx in core.py _bucketing 96305
step:  0
bucketing time:  0.00095367431640625
degree: tensor(10) # of output: 96305 ratio: 0.48992476001037794 bucket_loss : tensor(2.2241)
degree  tensor(10)
torch.sort() replace to OrderedDict time:  0.08544087409973145

core.py bucket local nid tensor([ 98296,  98297,  98298,  ..., 196568, 196569, 196570], device='cuda:0')
the length of bkt_idx in core.py _bucketing 96304
step:  1
bucketing time:  0.0009400844573974609
degree: tensor(10) # of output: 96304 ratio: 0.4899196727899843 bucket_loss : tensor(2.2208)
split  buckets total input  1149730
-------------------------------------------------------------------------------loss_sum  :  tensor(4.5354)

pure train time 0.38928937911987305
full batch graph loading time:  0.042783498764038086
group buckets input  18164
degree  tensor([1, 2, 3, 4, 5, 6, 7, 8, 9], device='cuda:0', dtype=torch.int32)
torch.sort() replace to OrderedDict time:  0.07856893539428711

bucketing time:  0.0011219978332519531
degree: tensor([1, 2, 3, 4, 5, 6, 7, 8, 9], dtype=torch.int32) # of output: 3962 ratio: 0.02015556719963779 bucket_loss : tensor(0.0893)
model forward time:  0.09413528442382812
loss calculation time:  5.650520324707031e-05
loss backward time:  0.016906261444091797
degree  tensor(10)
torch.sort() replace to OrderedDict time:  0.08733153343200684

core.py bucket local nid tensor([    0,     1,     2,  ..., 98292, 98293, 98294], device='cuda:0')
the length of bkt_idx in core.py _bucketing 96305
step:  0
bucketing time:  0.0009751319885253906
degree: tensor(10) # of output: 96305 ratio: 0.48992476001037794 bucket_loss : tensor(2.1937)
degree  tensor(10)
torch.sort() replace to OrderedDict time:  0.08605074882507324

core.py bucket local nid tensor([ 98295,  98296,  98297,  ..., 196568, 196569, 196570], device='cuda:0')
the length of bkt_idx in core.py _bucketing 96304
step:  1
bucketing time:  0.0009055137634277344
degree: tensor(10) # of output: 96304 ratio: 0.4899196727899843 bucket_loss : tensor(2.1875)
split  buckets total input  1150505
-------------------------------------------------------------------------------loss_sum  :  tensor(4.4706)

pure train time 0.38536977767944336
full batch graph loading time:  0.037477970123291016
group buckets input  18164
degree  tensor([1, 2, 3, 4, 5, 6, 7, 8, 9], device='cuda:0', dtype=torch.int32)
torch.sort() replace to OrderedDict time:  0.07828044891357422

bucketing time:  0.001071929931640625
degree: tensor([1, 2, 3, 4, 5, 6, 7, 8, 9], dtype=torch.int32) # of output: 3962 ratio: 0.02015556719963779 bucket_loss : tensor(0.0882)
model forward time:  0.09328961372375488
loss calculation time:  5.7220458984375e-05
loss backward time:  0.01743912696838379
degree  tensor(10)
torch.sort() replace to OrderedDict time:  0.09301090240478516

core.py bucket local nid tensor([    0,     1,     2,  ..., 98232, 98233, 98234], device='cuda:0')
the length of bkt_idx in core.py _bucketing 96305
step:  0
bucketing time:  0.0009503364562988281
degree: tensor(10) # of output: 96305 ratio: 0.48992476001037794 bucket_loss : tensor(2.1547)
degree  tensor(10)
torch.sort() replace to OrderedDict time:  0.08702278137207031

core.py bucket local nid tensor([ 98235,  98236,  98238,  ..., 196568, 196569, 196570], device='cuda:0')
the length of bkt_idx in core.py _bucketing 96304
step:  1
bucketing time:  0.0009183883666992188
degree: tensor(10) # of output: 96304 ratio: 0.4899196727899843 bucket_loss : tensor(2.1619)
split  buckets total input  1149194
-------------------------------------------------------------------------------loss_sum  :  tensor(4.4048)

pure train time 0.39346957206726074
full batch graph loading time:  0.05247688293457031
group buckets input  18164
degree  tensor([1, 2, 3, 4, 5, 6, 7, 8, 9], device='cuda:0', dtype=torch.int32)
torch.sort() replace to OrderedDict time:  0.07881569862365723

bucketing time:  0.0011043548583984375
degree: tensor([1, 2, 3, 4, 5, 6, 7, 8, 9], dtype=torch.int32) # of output: 3962 ratio: 0.02015556719963779 bucket_loss : tensor(0.0871)
model forward time:  0.09409260749816895
loss calculation time:  5.698204040527344e-05
loss backward time:  0.016573667526245117
degree  tensor(10)
torch.sort() replace to OrderedDict time:  0.09553885459899902

core.py bucket local nid tensor([    0,     1,     2,  ..., 98255, 98256, 98257], device='cuda:0')
the length of bkt_idx in core.py _bucketing 96305
step:  0
bucketing time:  0.0009377002716064453
degree: tensor(10) # of output: 96305 ratio: 0.48992476001037794 bucket_loss : tensor(2.1237)
degree  tensor(10)
torch.sort() replace to OrderedDict time:  0.0867457389831543

core.py bucket local nid tensor([ 98258,  98259,  98260,  ..., 196568, 196569, 196570], device='cuda:0')
the length of bkt_idx in core.py _bucketing 96304
step:  1
bucketing time:  0.0009272098541259766
degree: tensor(10) # of output: 96304 ratio: 0.4899196727899843 bucket_loss : tensor(2.1273)
split  buckets total input  1150100
-------------------------------------------------------------------------------loss_sum  :  tensor(4.3381)

pure train time 0.3957045078277588
full batch graph loading time:  0.036496877670288086
group buckets input  18164
degree  tensor([1, 2, 3, 4, 5, 6, 7, 8, 9], device='cuda:0', dtype=torch.int32)
torch.sort() replace to OrderedDict time:  0.07851314544677734

bucketing time:  0.0012226104736328125
degree: tensor([1, 2, 3, 4, 5, 6, 7, 8, 9], dtype=torch.int32) # of output: 3962 ratio: 0.02015556719963779 bucket_loss : tensor(0.0859)
model forward time:  0.09450674057006836
loss calculation time:  8.487701416015625e-05
loss backward time:  0.016740083694458008
degree  tensor(10)
torch.sort() replace to OrderedDict time:  0.08640265464782715

core.py bucket local nid tensor([    0,     1,     2,  ..., 98362, 98363, 98364], device='cuda:0')
the length of bkt_idx in core.py _bucketing 96305
step:  0
bucketing time:  0.0009648799896240234
degree: tensor(10) # of output: 96305 ratio: 0.48992476001037794 bucket_loss : tensor(2.0994)
degree  tensor(10)
torch.sort() replace to OrderedDict time:  0.08699584007263184

core.py bucket local nid tensor([ 98365,  98366,  98367,  ..., 196568, 196569, 196570], device='cuda:0')
the length of bkt_idx in core.py _bucketing 96304
step:  1
bucketing time:  0.001074075698852539
degree: tensor(10) # of output: 96304 ratio: 0.4899196727899843 bucket_loss : tensor(2.0852)
split  buckets total input  1149574
-------------------------------------------------------------------------------loss_sum  :  tensor(4.2706)

pure train time 0.38561058044433594
full batch graph loading time:  0.042079925537109375
group buckets input  18164
degree  tensor([1, 2, 3, 4, 5, 6, 7, 8, 9], device='cuda:0', dtype=torch.int32)
torch.sort() replace to OrderedDict time:  0.0801384449005127

bucketing time:  0.0011324882507324219
degree: tensor([1, 2, 3, 4, 5, 6, 7, 8, 9], dtype=torch.int32) # of output: 3962 ratio: 0.02015556719963779 bucket_loss : tensor(0.0848)
model forward time:  0.09591794013977051
loss calculation time:  5.817413330078125e-05
loss backward time:  0.01620197296142578
degree  tensor(10)
torch.sort() replace to OrderedDict time:  0.08818578720092773

core.py bucket local nid tensor([    0,     1,     2,  ..., 98231, 98232, 98233], device='cuda:0')
the length of bkt_idx in core.py _bucketing 96305
step:  0
bucketing time:  0.0009386539459228516
degree: tensor(10) # of output: 96305 ratio: 0.48992476001037794 bucket_loss : tensor(2.0587)
degree  tensor(10)
torch.sort() replace to OrderedDict time:  0.08871650695800781

core.py bucket local nid tensor([ 98234,  98235,  98236,  ..., 196568, 196569, 196570], device='cuda:0')
the length of bkt_idx in core.py _bucketing 96304
step:  1
bucketing time:  0.0009682178497314453
degree: tensor(10) # of output: 96304 ratio: 0.4899196727899843 bucket_loss : tensor(2.0555)
split  buckets total input  1149666
-------------------------------------------------------------------------------loss_sum  :  tensor(4.1990)

pure train time 0.3908865451812744

avg epoch time:  1.988698925290789
avg pure train time:  0.38965909821646555
avg block subtensor loading time:  0.12343379429408483
avg preparing time:  0.18546179362705775
avg block to device time:  0.016888788768223355
avg grouping time:  0.13832034383501327
avg splitting time:  1.462151050567627
avg optimizing time:  0.0010664803641183035

avg input nodes number :  1168015.5714285714
avg input nodes number/pure train time :  2997531.885627136
avg input nodes number/avg epoch time :  587326.4960193929
